Using pre-set license
Built from '2020.2/china_unity/release' branch; Version is '2020.2.1f1c1 (252d8215dd99) revision 2436482'; Using compiler version '192528614'; Build Type 'Release'
OS: 'Windows 10  (10.0.0) 64bit' Language: 'zh' Physical Memory: 8078 MB
BatchMode: 1, IsHumanControllingUs: 0, StartBugReporterOnCrash: 0, Is64bit: 1, IsPro: 0

 COMMAND LINE ARGUMENTS:
C:\Program Files\Unity\Hub\Editor\2020.2.1f1c1\Editor\Unity.exe
-adb2
-batchMode
-noUpm
-name
AssetImportWorker0
-projectPath
D:/Unity工程/unitychan-crs-master/unitychan-crs-master
-logFile
Logs/AssetImportWorker0.log
-srvPort
11220
Successfully changed project path to: D:/Unity工程/unitychan-crs-master/unitychan-crs-master
D:/Unity工程/unitychan-crs-master/unitychan-crs-master
Using Asset Import Pipeline V2.
Refreshing native plugins compatible for Editor in 38.62 ms, found 0 plugins.
Preloading 0 native plugins for Editor in 0.00 ms.
Initialize engine version: 2020.2.1f1c1 (252d8215dd99)
[Subsystems] Discovering subsystems at path C:/Program Files/Unity/Hub/Editor/2020.2.1f1c1/Editor/Data/Resources/UnitySubsystems
[Subsystems] Discovering subsystems at path D:/Unity工程/unitychan-crs-master/unitychan-crs-master/Assets
GfxDevice: creating device client; threaded=0
Direct3D:
    Version:  Direct3D 11.0 [level 11.1]
    Renderer: NVIDIA GeForce GTX 1050 (ID=0x1c8d)
    Vendor:   
    VRAM:     1977 MB
    Driver:   26.21.14.3648
Initialize mono
Mono path[0] = 'C:/Program Files/Unity/Hub/Editor/2020.2.1f1c1/Editor/Data/Managed'
Mono path[1] = 'C:/Program Files/Unity/Hub/Editor/2020.2.1f1c1/Editor/Data/MonoBleedingEdge/lib/mono/unityjit'
Mono config path = 'C:/Program Files/Unity/Hub/Editor/2020.2.1f1c1/Editor/Data/MonoBleedingEdge/etc'
Using monoOptions --debugger-agent=transport=dt_socket,embedding=1,server=y,suspend=n,address=127.0.0.1:56764
Begin MonoManager ReloadAssembly
Registering precompiled unity dll's ...
Register platform support module: C:/Program Files/Unity/Hub/Editor/2020.2.1f1c1/Editor/Data/PlaybackEngines/WindowsStandaloneSupport/UnityEditor.WindowsStandalone.Extensions.dll
Registered in 0.001434 seconds.
Native extension for WindowsStandalone target not found
Refreshing native plugins compatible for Editor in 36.39 ms, found 0 plugins.
Preloading 0 native plugins for Editor in 0.00 ms.
Invoked RoslynAnalysisRunner static constructor.
RoslynAnalysisRunner will not be running.
RoslynAnalysisRunner has terminated.
Mono: successfully reloaded assembly
- Completed reload, in  0.962 seconds
Platform modules already initialized, skipping
Registering precompiled user dll's ...
Registered in 0.001348 seconds.
Begin MonoManager ReloadAssembly
Native extension for WindowsStandalone target not found
Refreshing native plugins compatible for Editor in 0.41 ms, found 0 plugins.
Preloading 0 native plugins for Editor in 0.00 ms.
Invoked RoslynAnalysisRunner static constructor.
RoslynAnalysisRunner will not be running.
RoslynAnalysisRunner has terminated.
Mono: successfully reloaded assembly
- Completed reload, in  0.988 seconds
Platform modules already initialized, skipping
========================================================================
Worker process is ready to serve import requests
Launched and connected shader compiler UnityShaderCompiler.exe after 0.05 seconds
Refreshing native plugins compatible for Editor in 0.42 ms, found 0 plugins.
Preloading 0 native plugins for Editor in 0.00 ms.
Unloading 1583 Unused Serialized files (Serialized files now loaded: 0)
System memory in use before: 83.8 MB.
System memory in use after: 83.9 MB.

Unloading 33 unused Assets to reduce memory usage. Loaded Objects now: 2016.
Total: 2.443700 ms (FindLiveObjects: 0.270100 ms CreateObjectMapping: 0.076300 ms MarkObjects: 1.912400 ms  DeleteObjects: 0.183400 ms)

========================================================================
Received Import Request.
  path: Assets/Scenes/Character Setup.unity
  artifactKey: Guid(29d1661e5efc142b59bb9878e634269a) Importer(815301076,1909f56bfc062723c751e8b465ee728b)
Start importing Assets/Scenes/Character Setup.unity using Guid(29d1661e5efc142b59bb9878e634269a) Importer(815301076,1909f56bfc062723c751e8b465ee728b)  -> (artifact id: '667b0c17202c354553fe1314c1b2bca7') in 0.014858 seconds
  Import took 0.102541 seconds .

========================================================================
Received Prepare
Refreshing native plugins compatible for Editor in 3.71 ms, found 0 plugins.
Preloading 0 native plugins for Editor in 0.00 ms.
Unloading 22 Unused Serialized files (Serialized files now loaded: 0)
System memory in use before: 50.2 MB.
System memory in use after: 50.3 MB.

Unloading 22 unused Assets to reduce memory usage. Loaded Objects now: 2016.
Total: 2.246100 ms (FindLiveObjects: 0.175800 ms CreateObjectMapping: 0.046600 ms MarkObjects: 1.984300 ms  DeleteObjects: 0.038400 ms)

========================================================================
Received Import Request.
  Time since last request: 63.573761 seconds.
  path: Assets/Scenes/WaitingRoom.unity
  artifactKey: Guid(03c18d5e8b32446e2b7e053abaa81c7e) Importer(815301076,1909f56bfc062723c751e8b465ee728b)
Start importing Assets/Scenes/WaitingRoom.unity using Guid(03c18d5e8b32446e2b7e053abaa81c7e) Importer(815301076,1909f56bfc062723c751e8b465ee728b)  -> (artifact id: '3f1484076347a5b2e0cc191b7b5e103d') in 0.006154 seconds
  Import took 0.018100 seconds .

========================================================================
Received Import Request.
  Time since last request: 3.094737 seconds.
  path: Assets/Scenes
  artifactKey: Guid(4697a4acf66ef48c79b5ee17abf7a6a0) Importer(815301076,1909f56bfc062723c751e8b465ee728b)
Start importing Assets/Scenes using Guid(4697a4acf66ef48c79b5ee17abf7a6a0) Importer(815301076,1909f56bfc062723c751e8b465ee728b)  -> (artifact id: '6a4f4e03eedd08db2d7acb790d5b4b62') in 0.001662 seconds
  Import took 0.083988 seconds .

========================================================================
Received Import Request.
  Time since last request: 34.457839 seconds.
  path: Assets/Scenes/ShaderTest.unity
  artifactKey: Guid(cf262542dc2a5104ab17f21ca39b6476) Importer(815301076,1909f56bfc062723c751e8b465ee728b)
Start importing Assets/Scenes/ShaderTest.unity using Guid(cf262542dc2a5104ab17f21ca39b6476) Importer(815301076,1909f56bfc062723c751e8b465ee728b)  -> (artifact id: '2d64f2a5133a73183fdf4c5af63680a0') in 0.001789 seconds
  Import took 0.017937 seconds .

========================================================================
Received Import Request.
  Time since last request: 6.659775 seconds.
  path: Assets
  artifactKey: Guid(00000000000000001000000000000000) Importer(815301076,1909f56bfc062723c751e8b465ee728b)
Start importing Assets using Guid(00000000000000001000000000000000) Importer(815301076,1909f56bfc062723c751e8b465ee728b)  -> (artifact id: '77a851e104db600022940e564f7da357') in 0.001273 seconds
  Import took 0.016844 seconds .

========================================================================
Received Import Request.
  Time since last request: 15.371693 seconds.
  path: Assets/ShaderFolder
  artifactKey: Guid(175a5b90cdbfd7742bb579b4c439a3d5) Importer(815301076,1909f56bfc062723c751e8b465ee728b)
Start importing Assets/ShaderFolder using Guid(175a5b90cdbfd7742bb579b4c439a3d5) Importer(815301076,1909f56bfc062723c751e8b465ee728b)  -> (artifact id: '1af1d8edc4f950730d960129b56e0b8f') in 0.001374 seconds
  Import took 0.015880 seconds .

========================================================================
Received Import Request.
  Time since last request: 104.874402 seconds.
  path: Assets/Important
  artifactKey: Guid(683a6c2f21cc15a47bffd008c09aa01d) Importer(815301076,1909f56bfc062723c751e8b465ee728b)
Start importing Assets/Important using Guid(683a6c2f21cc15a47bffd008c09aa01d) Importer(815301076,1909f56bfc062723c751e8b465ee728b)  -> (artifact id: '67da84fafff970c625484e374f3ed0b1') in 0.001513 seconds
  Import took 0.099458 seconds .

========================================================================
Received Import Request.
  Time since last request: 11.585808 seconds.
  path: Assets/Resources/Camera-DepthTexture.shader
  artifactKey: Guid(086356078be6a4db6a626e796ccf5ce2) Importer(815301076,1909f56bfc062723c751e8b465ee728b)
Start importing Assets/Resources/Camera-DepthTexture.shader using Guid(086356078be6a4db6a626e796ccf5ce2) Importer(815301076,1909f56bfc062723c751e8b465ee728b)  -> (artifact id: 'd44d89f07b222dc0665b943304efc14d') in 0.084685 seconds
  Import took 0.114512 seconds .

========================================================================
Received Import Request.
  Time since last request: 0.002188 seconds.
  path: Assets/Resources/Camera-DepthTexture.shader
  artifactKey: Guid(086356078be6a4db6a626e796ccf5ce2) Importer(815301076,1909f56bfc062723c751e8b465ee728b)
Start importing Assets/Resources/Camera-DepthTexture.shader using Guid(086356078be6a4db6a626e796ccf5ce2) Importer(815301076,1909f56bfc062723c751e8b465ee728b)  -> (artifact id: 'd44d89f07b222dc0665b943304efc14d') in 0.001565 seconds
  Import took 0.005188 seconds .

========================================================================
Received Import Request.
  Time since last request: 5.730533 seconds.
  path: Assets/Common
  artifactKey: Guid(cb111d9b7036747eebc2ef73aba8c442) Importer(815301076,1909f56bfc062723c751e8b465ee728b)
Start importing Assets/Common using Guid(cb111d9b7036747eebc2ef73aba8c442) Importer(815301076,1909f56bfc062723c751e8b465ee728b)  -> (artifact id: 'f8f4bedbfe9ccdbfd9efa29ec0251403') in 0.001754 seconds
  Import took 0.116013 seconds .

AssetImportWorkerClient::OnTransportError - code=2 error=End of file
